<?xml version="1.0" encoding="UTF-8"?>
<testsuite name="demo.ApplicationTests" time="1.399" tests="6" errors="0" skipped="0" failures="1">
  <properties>
[...]
</properties>
  <testcase name="userEndpointProtected" classname="demo.ApplicationTests" time="0.525"/>
  <testcase name="homePageLoads" classname="demo.ApplicationTests" time="0.251"/>
  <testcase name="jsPageLoads" classname="demo.ApplicationTests" time="0.155">
    <failure message="&#10;Expecting:&#10; &lt;&quot;var RequestOptionsService = ng.core.Class({&#10;    extends: ng.http.BaseRequestOptions,&#10;    constructor : function() {},&#10;    merge: function(opts) {&#10;        opts.headers = new ng.http.Headers(opts.headers ? opts.headers : {});&#10;        opts.headers.set(&apos;X-Requested-With&apos;, &apos;XMLHttpRequest&apos;);&#10;        return opts.merge(opts);&#10;    }&#10;});&#10;&#10;var routes = [&#10;    { path: &apos;&apos;, pathMatch: &apos;full&apos;, redirectTo: &apos;home&apos;},&#10;    { path: &apos;home&apos;, component: HomeComponent},&#10;    { path: &apos;login&apos;, component: LoginComponent}&#10;];&#10;&#10;var AppModule = ng.core.NgModule({&#10;    imports: [ng.platformBrowser.BrowserModule, ng.http.HttpModule,&#10;            ng.router.RouterModule.forRoot(routes), ng.forms.FormsModule],&#10;    declarations: [HomeComponent, LoginComponent, AppComponent],&#10;    providers : [{ provide: ng.http.RequestOptions, useClass: RequestOptionsService }],&#10;    bootstrap: [AppComponent]&#10;  }).Class({constructor : function(){}});&#10;&#10;document.addEventListener(&apos;DOMContentLoaded&apos;, function() {&#10;    ng.platformBrowserDynamic.platformBrowserDynamic().bootstrapModule(AppModule);&#10;});&#10;&quot;&gt;&#10;to contain:&#10; &lt;&quot;$routeProvider&quot;&gt; " type="java.lang.AssertionError"><![CDATA[java.lang.AssertionError: 
Expecting:
 <"var RequestOptionsService = ng.core.Class({
    extends: ng.http.BaseRequestOptions,
    constructor : function() {},
    merge: function(opts) {
        opts.headers = new ng.http.Headers(opts.headers ? opts.headers : {});
        opts.headers.set('X-Requested-With', 'XMLHttpRequest');
        return opts.merge(opts);
    }
});

var routes = [
    { path: '', pathMatch: 'full', redirectTo: 'home'},
    { path: 'home', component: HomeComponent},
    { path: 'login', component: LoginComponent}
];

var AppModule = ng.core.NgModule({
    imports: [ng.platformBrowser.BrowserModule, ng.http.HttpModule,
            ng.router.RouterModule.forRoot(routes), ng.forms.FormsModule],
    declarations: [HomeComponent, LoginComponent, AppComponent],
    providers : [{ provide: ng.http.RequestOptions, useClass: RequestOptionsService }],
    bootstrap: [AppComponent]
  }).Class({constructor : function(){}});

document.addEventListener('DOMContentLoaded', function() {
    ng.platformBrowserDynamic.platformBrowserDynamic().bootstrapModule(AppModule);
});
">
to contain:
 <"$routeProvider"> 
	at demo.ApplicationTests.jsPageLoads(ApplicationTests.java:37)
]]></failure>
    <system-out><![CDATA[2017-11-06 09:01:59.391 DEBUG 2468 --- [o-auto-1-exec-2] o.s.s.w.a.ExceptionTranslationFilter     : Chain processed normally
2017-11-06 09:01:59.392 DEBUG 2468 --- [o-auto-1-exec-2] o.s.s.w.a.ExceptionTranslationFilter     : Chain processed normally
2017-11-06 09:01:59.393 DEBUG 2468 --- [o-auto-1-exec-2] s.s.w.c.SecurityContextPersistenceFilter : SecurityContextHolder now cleared, as request processing completed
2017-11-06 09:01:59.409 DEBUG 2468 --- [o-auto-1-exec-3] o.s.s.web.util.matcher.OrRequestMatcher  : Trying to match using Ant [pattern='/css/**']
2017-11-06 09:01:59.409 DEBUG 2468 --- [o-auto-1-exec-3] o.s.s.w.u.matcher.AntPathRequestMatcher  : Checking match of request : '/js/hello.js'; against '/css/**'
2017-11-06 09:01:59.409 DEBUG 2468 --- [o-auto-1-exec-3] o.s.s.web.util.matcher.OrRequestMatcher  : Trying to match using Ant [pattern='/js/**']
2017-11-06 09:01:59.409 DEBUG 2468 --- [o-auto-1-exec-3] o.s.s.w.u.matcher.AntPathRequestMatcher  : Checking match of request : '/js/hello.js'; against '/js/**'
2017-11-06 09:01:59.409 DEBUG 2468 --- [o-auto-1-exec-3] o.s.s.web.util.matcher.OrRequestMatcher  : matched
2017-11-06 09:01:59.409 DEBUG 2468 --- [o-auto-1-exec-3] o.s.security.web.FilterChainProxy        : /js/hello.js has an empty filter list
]]></system-out>
  </testcase>
  <testcase name="resourceEndpointProtected" classname="demo.ApplicationTests" time="0.103"/>
  <testcase name="redirectHome" classname="demo.ApplicationTests" time="0.226"/>
  <testcase name="loginSucceeds" classname="demo.ApplicationTests" time="0.139"/>
</testsuite>